GURU_Chcekmate/app/build/intermediates/manifest_merge_blame_file/debug/manifest-merger-blame-debug-report.txt
1<?xml version="1.0" encoding="utf-8"?>
2<manifest xmlns:android="http://schemas.android.com/apk/res/android"
3    package="com.example.guru_chcekmate"
4    android:versionCode="1"
5    android:versionName="1.0" >
6
7    <uses-sdk
8        android:minSdkVersion="19"
8-->src\main\AndroidManifest.xml
9        android:targetSdkVersion="30" />
9-->src\main\AndroidManifest.xml
10
11    <application
11-->src\main\AndroidManifest.xml:5:5-27:19
12        android:allowBackup="true"
12-->src\main\AndroidManifest.xml:6:9-35
13        android:appComponentFactory="androidx.core.app.CoreComponentFactory"
13-->[androidx.core:core:1.3.2] AndroidManifest.xml:24:18-86
14        android:debuggable="true"
15        android:icon="@mipmap/ic_launcher"
15-->src\main\AndroidManifest.xml:7:9-43
16        android:label="To Do App"
16-->src\main\AndroidManifest.xml:8:9-34
17        android:roundIcon="@mipmap/ic_launcher_round"
17-->src\main\AndroidManifest.xml:9:9-54
18        android:supportsRtl="true"
18-->src\main\AndroidManifest.xml:10:9-35
19        android:testOnly="true"
20        android:theme="@style/Theme.GURU_Chcekmate" >
20-->src\main\AndroidManifest.xml:11:9-52
21        <activity android:name="com.example.guru_chcekmate.Title" >
21-->src\main\AndroidManifest.xml:12:9-17:20
21-->src\main\AndroidManifest.xml:12:19-40
22            <intent-filter>
22-->src\main\AndroidManifest.xml:13:13-16:29
23                <action android:name="android.intent.action.MAIN" />
23-->src\main\AndroidManifest.xml:14:17-69
23-->src\main\AndroidManifest.xml:14:25-66
24
25                <category android:name="android.intent.category.LAUNCHER" />
25-->src\main\AndroidManifest.xml:15:17-77
25-->src\main\AndroidManifest.xml:15:27-74
26            </intent-filter>
27        </activity>
28        <activity
28-->src\main\AndroidManifest.xml:18:9-22:20
29            android:name="com.example.guru_chcekmate.AddTodoActivity2"
29-->src\main\AndroidManifest.xml:19:13-45
30            android:parentActivityName="com.example.guru_chcekmate.MainActivity"
30-->src\main\AndroidManifest.xml:20:13-55
31            android:theme="@style/Theme.MaterialComponents.DayNight.DarkActionBar" >
31-->src\main\AndroidManifest.xml:21:13-83
32        </activity>
33        <activity
33-->src\main\AndroidManifest.xml:23:9-26:20
34            android:name="com.example.guru_chcekmate.MainActivity"
34-->src\main\AndroidManifest.xml:23:19-47
35            android:parentActivityName="com.example.guru_chcekmate.Title" >
35-->src\main\AndroidManifest.xml:24:13-48
36        </activity>
37    </application>
38
39</manifest>